<?xml version="1.0" encoding="UTF-8"?>
<testng-results skipped="0" failed="0" total="2" passed="2">
  <reporter-output>
  </reporter-output>
  <suite name="Suite1" duration-ms="21271" started-at="2020-09-10T21:16:06Z" finished-at="2020-09-10T21:16:28Z">
    <groups>
    </groups>
    <test name="Nopackage" duration-ms="21271" started-at="2020-09-10T21:16:06Z" finished-at="2020-09-10T21:16:28Z">
      <class name="com.HRMS.Scripts.TC002">
        <test-method status="PASS" signature="tc002()[pri:0, instance:com.HRMS.Scripts.TC002@45820e51]" name="tc002" duration-ms="10751" started-at="2020-09-10T14:16:17Z" finished-at="2020-09-10T14:16:28Z">
          <reporter-output>
          </reporter-output>
        </test-method> <!-- tc002 -->
      </class> <!-- com.HRMS.Scripts.TC002 -->
      <class name="com.HRMS.Scripts.TC001">
        <test-method status="PASS" signature="tc001()[pri:0, instance:com.HRMS.Scripts.TC001@371a67ec]" name="tc001" duration-ms="10508" started-at="2020-09-10T14:16:06Z" finished-at="2020-09-10T14:16:17Z">
          <reporter-output>
          </reporter-output>
        </test-method> <!-- tc001 -->
      </class> <!-- com.HRMS.Scripts.TC001 -->
    </test> <!-- Nopackage -->
  </suite> <!-- Suite1 -->
</testng-results>
